<?xml version="1.0" encoding="UTF-8"?>
<testsuite xmlns:xsi="http://www.w3.org/2001/XMLSchema-instance" xsi:noNamespaceSchemaLocation="https://maven.apache.org/surefire/maven-surefire-plugin/xsd/surefire-test-report.xsd" name="org.example.AppTest" time="0.058" tests="1" errors="0" skipped="0" failures="0">
  <properties>
    <property name="java.specification.version" value="15"/>
    <property name="sun.jnu.encoding" value="UTF-8"/>
    <property name="java.class.path" value="/home/natsu/IdeaProjects/SpringSecurity/target/test-classes:/home/natsu/IdeaProjects/SpringSecurity/target/classes:/home/natsu/.m2/repository/org/springframework/spring-webmvc/5.2.11.RELEASE/spring-webmvc-5.2.11.RELEASE.jar:/home/natsu/.m2/repository/org/springframework/spring-aop/5.2.11.RELEASE/spring-aop-5.2.11.RELEASE.jar:/home/natsu/.m2/repository/org/springframework/spring-beans/5.2.11.RELEASE/spring-beans-5.2.11.RELEASE.jar:/home/natsu/.m2/repository/org/springframework/spring-context/5.2.11.RELEASE/spring-context-5.2.11.RELEASE.jar:/home/natsu/.m2/repository/org/springframework/spring-core/5.2.11.RELEASE/spring-core-5.2.11.RELEASE.jar:/home/natsu/.m2/repository/org/springframework/spring-jcl/5.2.11.RELEASE/spring-jcl-5.2.11.RELEASE.jar:/home/natsu/.m2/repository/org/springframework/spring-expression/5.2.11.RELEASE/spring-expression-5.2.11.RELEASE.jar:/home/natsu/.m2/repository/org/springframework/spring-web/5.2.11.RELEASE/spring-web-5.2.11.RELEASE.jar:/home/natsu/.m2/repository/org/springframework/security/spring-security-core/5.2.1.RELEASE/spring-security-core-5.2.1.RELEASE.jar:/home/natsu/.m2/repository/org/springframework/security/spring-security-web/5.2.1.RELEASE/spring-security-web-5.2.1.RELEASE.jar:/home/natsu/.m2/repository/org/springframework/security/spring-security-config/5.2.1.RELEASE/spring-security-config-5.2.1.RELEASE.jar:/home/natsu/.m2/repository/javax/servlet/javax.servlet-api/3.1.0/javax.servlet-api-3.1.0.jar:/home/natsu/.m2/repository/javax/servlet/jsp/javax.servlet.jsp-api/2.3.1/javax.servlet.jsp-api-2.3.1.jar:/home/natsu/.m2/repository/javax/servlet/jstl/1.2/jstl-1.2.jar:/home/natsu/.m2/repository/junit/junit/4.11/junit-4.11.jar:/home/natsu/.m2/repository/org/hamcrest/hamcrest-core/1.3/hamcrest-core-1.3.jar:"/>
    <property name="java.vm.vendor" value="Oracle Corporation"/>
    <property name="sun.arch.data.model" value="64"/>
    <property name="java.vendor.url" value="https://java.oracle.com/"/>
    <property name="os.name" value="Linux"/>
    <property name="java.vm.specification.version" value="15"/>
    <property name="sun.java.launcher" value="SUN_STANDARD"/>
    <property name="user.country" value="US"/>
    <property name="sun.boot.library.path" value="/home/natsu/.jdks/openjdk-15.0.1/lib"/>
    <property name="sun.java.command" value="/home/natsu/IdeaProjects/SpringSecurity/target/surefire/surefirebooter12974307194963890210.jar /home/natsu/IdeaProjects/SpringSecurity/target/surefire 2020-11-22T18-11-04_572-jvmRun1 surefire8279348958067970163tmp surefire_017301234797631960322tmp"/>
    <property name="jdk.debug" value="release"/>
    <property name="surefire.test.class.path" value="/home/natsu/IdeaProjects/SpringSecurity/target/test-classes:/home/natsu/IdeaProjects/SpringSecurity/target/classes:/home/natsu/.m2/repository/org/springframework/spring-webmvc/5.2.11.RELEASE/spring-webmvc-5.2.11.RELEASE.jar:/home/natsu/.m2/repository/org/springframework/spring-aop/5.2.11.RELEASE/spring-aop-5.2.11.RELEASE.jar:/home/natsu/.m2/repository/org/springframework/spring-beans/5.2.11.RELEASE/spring-beans-5.2.11.RELEASE.jar:/home/natsu/.m2/repository/org/springframework/spring-context/5.2.11.RELEASE/spring-context-5.2.11.RELEASE.jar:/home/natsu/.m2/repository/org/springframework/spring-core/5.2.11.RELEASE/spring-core-5.2.11.RELEASE.jar:/home/natsu/.m2/repository/org/springframework/spring-jcl/5.2.11.RELEASE/spring-jcl-5.2.11.RELEASE.jar:/home/natsu/.m2/repository/org/springframework/spring-expression/5.2.11.RELEASE/spring-expression-5.2.11.RELEASE.jar:/home/natsu/.m2/repository/org/springframework/spring-web/5.2.11.RELEASE/spring-web-5.2.11.RELEASE.jar:/home/natsu/.m2/repository/org/springframework/security/spring-security-core/5.2.1.RELEASE/spring-security-core-5.2.1.RELEASE.jar:/home/natsu/.m2/repository/org/springframework/security/spring-security-web/5.2.1.RELEASE/spring-security-web-5.2.1.RELEASE.jar:/home/natsu/.m2/repository/org/springframework/security/spring-security-config/5.2.1.RELEASE/spring-security-config-5.2.1.RELEASE.jar:/home/natsu/.m2/repository/javax/servlet/javax.servlet-api/3.1.0/javax.servlet-api-3.1.0.jar:/home/natsu/.m2/repository/javax/servlet/jsp/javax.servlet.jsp-api/2.3.1/javax.servlet.jsp-api-2.3.1.jar:/home/natsu/.m2/repository/javax/servlet/jstl/1.2/jstl-1.2.jar:/home/natsu/.m2/repository/junit/junit/4.11/junit-4.11.jar:/home/natsu/.m2/repository/org/hamcrest/hamcrest-core/1.3/hamcrest-core-1.3.jar:"/>
    <property name="sun.cpu.endian" value="little"/>
    <property name="user.home" value="/home/natsu"/>
    <property name="user.language" value="en"/>
    <property name="java.specification.vendor" value="Oracle Corporation"/>
    <property name="java.version.date" value="2020-10-20"/>
    <property name="java.home" value="/home/natsu/.jdks/openjdk-15.0.1"/>
    <property name="file.separator" value="/"/>
    <property name="basedir" value="/home/natsu/IdeaProjects/SpringSecurity"/>
    <property name="java.vm.compressedOopsMode" value="32-bit"/>
    <property name="line.separator" value="&#10;"/>
    <property name="java.vm.specification.vendor" value="Oracle Corporation"/>
    <property name="java.specification.name" value="Java Platform API Specification"/>
    <property name="surefire.real.class.path" value="/home/natsu/IdeaProjects/SpringSecurity/target/surefire/surefirebooter12974307194963890210.jar"/>
    <property name="sun.management.compiler" value="HotSpot 64-Bit Tiered Compilers"/>
    <property name="java.runtime.version" value="15.0.1+9-18"/>
    <property name="user.name" value="natsu"/>
    <property name="path.separator" value=":"/>
    <property name="os.version" value="5.4.0-54-generic"/>
    <property name="java.runtime.name" value="OpenJDK Runtime Environment"/>
    <property name="file.encoding" value="UTF-8"/>
    <property name="java.vm.name" value="OpenJDK 64-Bit Server VM"/>
    <property name="localRepository" value="/home/natsu/.m2/repository"/>
    <property name="java.vendor.url.bug" value="https://bugreport.java.com/bugreport/"/>
    <property name="java.io.tmpdir" value="/tmp"/>
    <property name="idea.version" value="2020.2.3"/>
    <property name="java.version" value="15.0.1"/>
    <property name="user.dir" value="/home/natsu/IdeaProjects/SpringSecurity"/>
    <property name="os.arch" value="amd64"/>
    <property name="java.vm.specification.name" value="Java Virtual Machine Specification"/>
    <property name="java.library.path" value="/usr/java/packages/lib:/usr/lib64:/lib64:/lib:/usr/lib"/>
    <property name="java.vm.info" value="mixed mode, sharing"/>
    <property name="java.vendor" value="Oracle Corporation"/>
    <property name="java.vm.version" value="15.0.1+9-18"/>
    <property name="sun.io.unicode.encoding" value="UnicodeLittle"/>
    <property name="java.class.version" value="59.0"/>
  </properties>
  <testcase name="shouldAnswerWithTrue" classname="org.example.AppTest" time="0.002"/>
</testsuite>